<?xml version="1.0" encoding="UTF-8"?>
<!-- Generated by org.testng.reporters.JUnitReportReporter -->
<testsuite hostname="LAPTOP-6ANI2N00" failures="0" tests="2" name="com.goldfish.datastar.selenium.testing.localhost.basic.WebDriverBasicsLocatorsWithClassTestTest" time="1.479" errors="0" timestamp="2023-12-15T23:52:59 MEZ" skipped="0">
  <testcase classname="com.goldfish.datastar.selenium.testing.localhost.basic.WebDriverBasicsLocatorsWithClassTestTest" name="testHugeTextElements" time="1.268"/>
  <system-out/>
  <testcase classname="com.goldfish.datastar.selenium.testing.localhost.basic.WebDriverBasicsLocatorsWithClassTestTest" name="testTitle" time="0.211"/>
  <system-out/>
</testsuite> <!-- com.goldfish.datastar.selenium.testing.localhost.basic.WebDriverBasicsLocatorsWithClassTestTest -->
