<?xml version="1.0" encoding="UTF-8"?>
<!-- Generated by org.testng.reporters.JUnitReportReporter -->
<testsuite hostname="LAPTOP-6ANI2N00" failures="0" tests="1" name="com.goldfish.datastar.selenium.testing.localhost.login.LoginToLocalhostPageLoginHtmlTest" time="12.672" errors="0" timestamp="2023-12-15T14:17:03 MEZ" skipped="0">
  <testcase classname="com.goldfish.datastar.selenium.testing.localhost.login.LoginToLocalhostPageLoginHtmlTest" name="loginToDashboardPage" time="12.672"/>
  <system-out/>
</testsuite> <!-- com.goldfish.datastar.selenium.testing.localhost.login.LoginToLocalhostPageLoginHtmlTest -->
