<?xml version="1.0" encoding="UTF-8"?>
<!-- Generated by org.testng.reporters.JUnitReportReporter -->
<testsuite hostname="LAPTOP-6ANI2N00" failures="0" tests="4" name="com.goldfish.datastar.selenium.testing.localhost.basic.TagNameAndAttributeTest" time="1.349" errors="0" timestamp="2023-12-16T14:20:39 MEZ" skipped="0">
  <testcase classname="com.goldfish.datastar.selenium.testing.localhost.basic.TagNameAndAttributeTest" name="testTitle" time="0.060"/>
  <system-out/>
  <testcase classname="com.goldfish.datastar.selenium.testing.localhost.basic.TagNameAndAttributeTest" name="testGetInformationAboutSubmitButton" time="0.112"/>
  <system-out/>
  <testcase classname="com.goldfish.datastar.selenium.testing.localhost.basic.TagNameAndAttributeTest" name="testGetInformationAboutName" time="1.065"/>
  <system-out/>
  <testcase classname="com.goldfish.datastar.selenium.testing.localhost.basic.TagNameAndAttributeTest" name="testGetInformationAboutPassword" time="0.112"/>
  <system-out/>
</testsuite> <!-- com.goldfish.datastar.selenium.testing.localhost.basic.TagNameAndAttributeTest -->
