<?xml version="1.0" encoding="UTF-8"?>
<!-- Generated by org.testng.reporters.JUnitReportReporter -->
<testsuite hostname="LAPTOP-6ANI2N00" failures="0" tests="3" name="com.goldfish.datastar.selenium.testing.localhost.basic.LinkTextTest" time="1.717" errors="0" timestamp="2023-12-16T14:30:22 MEZ" skipped="0">
  <testcase classname="com.goldfish.datastar.selenium.testing.localhost.basic.LinkTextTest" name="getSBAdminLinkAndClickIt" time="0.998"/>
  <system-out/>
  <testcase classname="com.goldfish.datastar.selenium.testing.localhost.basic.LinkTextTest" name="getTableLinkAndClickIt" time="0.440"/>
  <system-out/>
  <testcase classname="com.goldfish.datastar.selenium.testing.localhost.basic.LinkTextTest" name="getDashboardHomeLinkAndClickIt" time="0.279"/>
  <system-out/>
</testsuite> <!-- com.goldfish.datastar.selenium.testing.localhost.basic.LinkTextTest -->
