<?xml version="1.0" encoding="UTF-8"?>
<!-- Generated by org.testng.reporters.JUnitReportReporter -->
<testsuite hostname="LAPTOP-6ANI2N00" failures="0" tests="2" name="com.goldfish.datastar.selenium.testing.localhost.findElement.ByXPath" time="0.549" errors="0" timestamp="2023-12-16T20:19:17 MEZ" skipped="0">
  <testcase classname="com.goldfish.datastar.selenium.testing.localhost.findElement.ByXPath" name="testXpathSelectorForSortingAndCheckingFirstRow" time="0.375"/>
  <system-out/>
  <testcase classname="com.goldfish.datastar.selenium.testing.localhost.findElement.ByXPath" name="testXpathSelectorForaTableTd" time="0.174"/>
  <system-out/>
</testsuite> <!-- com.goldfish.datastar.selenium.testing.localhost.findElement.ByXPath -->
