<?xml version="1.0" encoding="UTF-8"?>
<!-- Generated by org.testng.reporters.JUnitReportReporter -->
<testsuite hostname="LAPTOP-6ANI2N00" failures="0" tests="2" name="com.goldfish.datastar.selenium.testing.localhost.basic.WebDriverBasicsLocatorsWithCSSSelectorTestTest" time="0.539" errors="0" timestamp="2023-12-16T00:02:27 MEZ" skipped="0">
  <testcase classname="com.goldfish.datastar.selenium.testing.localhost.basic.WebDriverBasicsLocatorsWithCSSSelectorTestTest" name="testCssSelectorForSortingAndCheckingFirstRow" time="0.361"/>
  <system-out/>
  <testcase classname="com.goldfish.datastar.selenium.testing.localhost.basic.WebDriverBasicsLocatorsWithCSSSelectorTestTest" name="testCssSelectorForaTableTd" time="0.178"/>
  <system-out/>
</testsuite> <!-- com.goldfish.datastar.selenium.testing.localhost.basic.WebDriverBasicsLocatorsWithCSSSelectorTestTest -->
