<?xml version="1.0" encoding="UTF-8"?>
<!-- Generated by org.testng.reporters.JUnitReportReporter -->
<testsuite hostname="LAPTOP-6ANI2N00" failures="0" tests="4" name="com.goldfish.datastar.selenium.testing.localhost.findElement.ByNameTest" time="0.580" errors="0" timestamp="2023-12-16T20:09:35 MEZ" skipped="1">
  <testcase classname="com.goldfish.datastar.selenium.testing.localhost.findElement.ByNameTest" name="testGetInformationAboutPassword" time="0.123"/>
  <system-out/>
  <testcase classname="com.goldfish.datastar.selenium.testing.localhost.findElement.ByNameTest" name="testGetInformationAboutCheckbox" time="0.329"/>
  <system-out/>
  <testcase classname="com.goldfish.datastar.selenium.testing.localhost.findElement.ByNameTest" name="testGetInformationAboutEmail" time="0.128"/>
  <system-out/>
  <testcase classname="com.goldfish.datastar.selenium.testing.localhost.findElement.ByNameTest" name="testGetInformationAboutSubmitButton">
    <skipped/>
  </testcase> <!-- testGetInformationAboutSubmitButton -->
  <system-out/>
</testsuite> <!-- com.goldfish.datastar.selenium.testing.localhost.findElement.ByNameTest -->
