<?xml version="1.0" encoding="UTF-8"?>
<!-- Generated by org.testng.reporters.JUnitReportReporter -->
<testsuite hostname="LAPTOP-6ANI2N00" failures="0" tests="2" name="com.goldfish.datastar.selenium.testing.localhost.basic.TableTest" time="0.771" errors="0" timestamp="2023-12-15T23:52:16 MEZ" skipped="0">
  <testcase classname="com.goldfish.datastar.selenium.testing.localhost.basic.TableTest" name="testPageTableHtmlTableByUsingCssSelectorToTestBrwoserColumnValues01" time="0.476"/>
  <system-out/>
  <testcase classname="com.goldfish.datastar.selenium.testing.localhost.basic.TableTest" name="testPageTableHtmlTableByUsingCssSelectorToTestBrwoserColumnValues02" time="0.295"/>
  <system-out/>
</testsuite> <!-- com.goldfish.datastar.selenium.testing.localhost.basic.TableTest -->
