<?xml version="1.0" encoding="UTF-8"?>
<!-- Generated by org.testng.reporters.JUnitReportReporter -->
<testsuite hostname="LAPTOP-6ANI2N00" failures="0" tests="2" name="com.goldfish.datastar.selenium.testing.localhost.basic.ClassNameTest" time="1.121" errors="0" timestamp="2023-12-15T23:56:39 MEZ" skipped="0">
  <testcase classname="com.goldfish.datastar.selenium.testing.localhost.basic.ClassNameTest" name="testTitleTextElement" time="0.214"/>
  <system-out/>
  <testcase classname="com.goldfish.datastar.selenium.testing.localhost.basic.ClassNameTest" name="testHugeTextElements" time="0.907"/>
  <system-out/>
</testsuite> <!-- com.goldfish.datastar.selenium.testing.localhost.basic.ClassNameTest -->
