<?xml version="1.0" encoding="UTF-8"?>
<!-- Generated by org.testng.reporters.JUnitReportReporter -->
<testsuite hostname="LAPTOP-6ANI2N00" failures="0" tests="4" name="com.goldfish.datastar.selenium.testing.localhost.findElement.ByTagName" time="8.664" errors="0" timestamp="2023-12-16T20:17:13 MEZ" skipped="0">
  <testcase classname="com.goldfish.datastar.selenium.testing.localhost.findElement.ByTagName" name="getDetailsAboutInputTags_FindAllElements_Login" time="4.196"/>
  <system-out/>
  <testcase classname="com.goldfish.datastar.selenium.testing.localhost.findElement.ByTagName" name="getDetailsAboutLoginButton" time="0.106"/>
  <system-out/>
  <testcase classname="com.goldfish.datastar.selenium.testing.localhost.findElement.ByTagName" name="getDetailsAboutInputTags_FindElementWillReturnFirstElement" time="0.100"/>
  <system-out/>
  <testcase classname="com.goldfish.datastar.selenium.testing.localhost.findElement.ByTagName" name="getDetailsAboutInputTags_FindAllElements" time="4.262"/>
  <system-out/>
</testsuite> <!-- com.goldfish.datastar.selenium.testing.localhost.findElement.ByTagName -->
